<?xml version="1.0" encoding="UTF-8"?>
<!-- Generated by org.testng.reporters.JUnitReportReporter -->
<testsuite skipped="5" hostname="DESKTOP-0MN63C8" name="org.test.co.A" tests="8" failures="0" timestamp="03 Apr 2023 12:30:37 GMT" time="9.861" errors="0">
  <testcase name="rest" time="9.845" classname="org.test.co.A"/>
  <testcase name="test167" time="0.016" classname="org.test.co.A"/>
  <testcase name="test13" time="0.000" classname="org.test.co.A"/>
  <testcase name="test" classname="org.test.co.A">
    <skipped/>
  </testcase> <!-- test -->
  <testcase name="test3" classname="org.test.co.A">
    <skipped/>
  </testcase> <!-- test3 -->
  <testcase name="test188" classname="org.test.co.A">
    <skipped/>
  </testcase> <!-- test188 -->
  <testcase name="test19" classname="org.test.co.A">
    <skipped/>
  </testcase> <!-- test19 -->
  <testcase name="test18" classname="org.test.co.A">
    <skipped/>
  </testcase> <!-- test18 -->
</testsuite> <!-- org.test.co.A -->
