<?xml version="1.0" encoding="UTF-8"?>
<!-- Generated by org.testng.reporters.JUnitReportReporter -->
<testsuite skipped="3" hostname="DESKTOP-0MN63C8" name="org.test.co.A" tests="4" failures="0" timestamp="08 Mar 2023 07:50:10 GMT" time="6.280" errors="0">
  <testcase name="rest" time="6.280" classname="org.test.co.A"/>
  <testcase name="test" classname="org.test.co.A">
    <skipped/>
  </testcase> <!-- test -->
  <testcase name="test3" classname="org.test.co.A">
    <skipped/>
  </testcase> <!-- test3 -->
  <testcase name="test1" classname="org.test.co.A">
    <skipped/>
  </testcase> <!-- test1 -->
</testsuite> <!-- org.test.co.A -->
